[debug] [2020-12-18T23:39:49.707Z] ----------------------------------------------------------------------
[debug] [2020-12-18T23:39:49.710Z] Command:       C:\Program Files\nodejs\node.exe C:\Users\Almog Cohen\AppData\Roaming\npm\node_modules\firebase-tools\lib\bin\firebase.js emulators:start
[debug] [2020-12-18T23:39:49.710Z] CLI Version:   8.20.0
[debug] [2020-12-18T23:39:49.710Z] Platform:      win32
[debug] [2020-12-18T23:39:49.710Z] Node Version:  v14.15.1
[debug] [2020-12-18T23:39:49.712Z] Time:          Sat Dec 19 2020 01:39:49 GMT+0200 (שעון ישראל (חורף))
[debug] [2020-12-18T23:39:49.712Z] ----------------------------------------------------------------------
[debug] [2020-12-18T23:39:49.712Z] 
[debug] [2020-12-18T23:39:49.724Z] > command requires scopes: ["email","openid","https://www.googleapis.com/auth/cloudplatformprojects.readonly","https://www.googleapis.com/auth/firebase","https://www.googleapis.com/auth/cloud-platform"]
[debug] [2020-12-18T23:39:49.725Z] > authorizing via signed-in user
[info] i  emulators: Starting emulators: functions, hosting {"metadata":{"emulator":{"name":"hub"},"message":"Starting emulators: functions, hosting"}}
[debug] [2020-12-18T23:39:49.759Z] [hub] writing locator at C:\Users\ALMOGC~1\AppData\Local\Temp\hub-e-commerce-ce132.json
[warn] !  functions: The following emulators are not running, calls to these services from the Functions emulator will affect production: auth, firestore, database, pubsub {"metadata":{"emulator":{"name":"functions"},"message":"The following emulators are not running, calls to these services from the Functions emulator will affect production: \u001b[1mauth, firestore, database, pubsub\u001b[22m"}}
[warn] !  Your requested "node" version "12" doesn't match your global version "14" {"metadata":{"emulator":{"name":"functions"},"message":"Your requested \"node\" version \"12\" doesn't match your global version \"14\""}}
[debug] [2020-12-18T23:39:49.812Z] defaultcredentials: writing to file C:\Users\Almog Cohen\AppData\Roaming\firebase\almogco94_gmail_com_application_default_credentials.json
[debug] [2020-12-18T23:39:49.814Z] Setting GAC to C:\Users\Almog Cohen\AppData\Roaming\firebase\almogco94_gmail_com_application_default_credentials.json {"metadata":{"emulator":{"name":"functions"},"message":"Setting GAC to C:\\Users\\Almog Cohen\\AppData\\Roaming\\firebase\\almogco94_gmail_com_application_default_credentials.json"}}
[debug] [2020-12-18T23:39:49.825Z] >>> HTTP REQUEST GET https://firebase.googleapis.com/v1beta1/projects/e-commerce-ce132/webApps/-/config  
 
[debug] [2020-12-18T23:39:50.782Z] <<< HTTP RESPONSE 200 {"content-type":"application/json; charset=UTF-8","vary":"X-Origin, Referer, Origin,Accept-Encoding","date":"Fri, 18 Dec 2020 23:39:50 GMT","server":"ESF","cache-control":"private","x-xss-protection":"0","x-frame-options":"SAMEORIGIN","x-content-type-options":"nosniff","alt-svc":"h3-29=\":443\"; ma=2592000,h3-T051=\":443\"; ma=2592000,h3-Q050=\":443\"; ma=2592000,h3-Q046=\":443\"; ma=2592000,h3-Q043=\":443\"; ma=2592000,quic=\":443\"; ma=2592000; v=\"46,43\"","accept-ranges":"none","transfer-encoding":"chunked"}
[info] i  hosting: Serving hosting files from: build {"metadata":{"emulator":{"name":"hosting"},"message":"Serving hosting files from: \u001b[1mbuild\u001b[22m"}}
[info] +  hosting: Local server: http://localhost:5000 {"metadata":{"emulator":{"name":"hosting"},"message":"Local server: \u001b[4m\u001b[1mhttp://localhost:5000\u001b[22m\u001b[24m"}}
[warn] !  ui: Emulator UI unable to start on port 4000, starting on 4001 instead. {"metadata":{"emulator":{"name":"ui"},"message":"Emulator UI unable to start on port 4000, starting on 4001 instead."}}
[debug] [2020-12-18T23:39:50.894Z] Ignoring unsupported arg: auto_download {"metadata":{"emulator":{"name":"ui"},"message":"Ignoring unsupported arg: auto_download"}}
[debug] [2020-12-18T23:39:50.895Z] Ignoring unsupported arg: port {"metadata":{"emulator":{"name":"ui"},"message":"Ignoring unsupported arg: port"}}
[debug] [2020-12-18T23:39:50.895Z] Starting Emulator UI with command {"binary":"node","args":["C:\\Users\\Almog Cohen\\.cache\\firebase\\emulators\\ui-v1.4.0\\server.bundle.js"],"optionalArgs":[],"joinArgs":false} {"metadata":{"emulator":{"name":"ui"},"message":"Starting Emulator UI with command {\"binary\":\"node\",\"args\":[\"C:\\\\Users\\\\Almog Cohen\\\\.cache\\\\firebase\\\\emulators\\\\ui-v1.4.0\\\\server.bundle.js\"],\"optionalArgs\":[],\"joinArgs\":false}"}}
[info] i  ui: Emulator UI logging to ui-debug.log {"metadata":{"emulator":{"name":"ui"},"message":"Emulator UI logging to \u001b[1mui-debug.log\u001b[22m"}}
[debug] [2020-12-18T23:39:51.079Z] Web / API server started at http://localhost:4001
 {"metadata":{"emulator":{"name":"ui"},"message":"Web / API server started at http://localhost:4001\n"}}
[info] i  functions: Watching "C:\Users\Almog Cohen\e-commerce\functions" for Cloud Functions... {"metadata":{"emulator":{"name":"functions"},"message":"Watching \"C:\\Users\\Almog Cohen\\e-commerce\\functions\" for Cloud Functions..."}}
[debug] [2020-12-18T23:39:51.194Z] [worker-pool] addWorker(~diagnostic~) {"metadata":{"emulator":{"name":"functions"},"message":"[worker-pool] addWorker(~diagnostic~)"}}
[debug] [2020-12-18T23:39:51.194Z] [worker-pool] Adding worker with key ~diagnostic~, total=1 {"metadata":{"emulator":{"name":"functions"},"message":"[worker-pool] Adding worker with key ~diagnostic~, total=1"}}
[debug] [2020-12-18T23:39:51.195Z] [worker-pool] submitWork(triggerId=) {"metadata":{"emulator":{"name":"functions"},"message":"[worker-pool] submitWork(triggerId=)"}}
[debug] [2020-12-18T23:39:51.195Z] [worker-~diagnostic~-d8169c27-a9d2-4cd7-9526-c6cbbf740fa9]: Assigning socketPath: \\?\pipe\C:\Users\Almog Cohen\e-commerce\functions\15568 {"metadata":{"emulator":{"name":"functions"},"message":"[worker-~diagnostic~-d8169c27-a9d2-4cd7-9526-c6cbbf740fa9]: Assigning socketPath: \\\\?\\pipe\\C:\\Users\\Almog Cohen\\e-commerce\\functions\\15568"}}
[debug] [2020-12-18T23:39:51.196Z] [worker-~diagnostic~-d8169c27-a9d2-4cd7-9526-c6cbbf740fa9]: BUSY {"metadata":{"emulator":{"name":"functions"},"message":"[worker-~diagnostic~-d8169c27-a9d2-4cd7-9526-c6cbbf740fa9]: BUSY"}}
